# QEMU configure log Sat Apr  8 06:08:58 EDT 2023
# Configured with: './configure' '--extra-cflags=-lrt' '--extra-cflags=-lm' '--target-list=x86_64-softmmu' '--enable-debug' '--enable-kvm' '--enable-vnc' '--disable-werror' '--prefix=/usr/local/qemu'
#
cc -D_GNU_SOURCE -D_FILE_OFFSET_BITS=64 -D_LARGEFILE_SOURCE -Wstrict-prototypes -Wredundant-decls -Wall -Wundef -Wwrite-strings -Wmissing-prototypes -fno-strict-aliasing -fno-common -lm -lrt -c -o /tmp/qemu-conf-12354-15829-20265.o /tmp/qemu-conf-27767-15829-123.c
cc -D_GNU_SOURCE -D_FILE_OFFSET_BITS=64 -D_LARGEFILE_SOURCE -Wstrict-prototypes -Wredundant-decls -Wall -Wundef -Wwrite-strings -Wmissing-prototypes -fno-strict-aliasing -fno-common -lm -lrt -c -o /tmp/qemu-conf-12354-15829-20265.o /tmp/qemu-conf-27767-15829-123.c
/tmp/qemu-conf-27767-15829-123.c:2:2: error: #error __i386__ not defined
 #error __i386__ not defined
  ^
cc -D_GNU_SOURCE -D_FILE_OFFSET_BITS=64 -D_LARGEFILE_SOURCE -Wstrict-prototypes -Wredundant-decls -Wall -Wundef -Wwrite-strings -Wmissing-prototypes -fno-strict-aliasing -fno-common -lm -lrt -c -o /tmp/qemu-conf-12354-15829-20265.o /tmp/qemu-conf-27767-15829-123.c
cc -D_GNU_SOURCE -D_FILE_OFFSET_BITS=64 -D_LARGEFILE_SOURCE -Wstrict-prototypes -Wredundant-decls -Wall -Wundef -Wwrite-strings -Wmissing-prototypes -fno-strict-aliasing -fno-common -lm -lrt -c -o /tmp/qemu-conf-12354-15829-20265.o /tmp/qemu-conf-27767-15829-123.c
/tmp/qemu-conf-27767-15829-123.c:2:2: error: #error __ILP32__ not defined
 #error __ILP32__ not defined
  ^
cc -m64 -D_GNU_SOURCE -D_FILE_OFFSET_BITS=64 -D_LARGEFILE_SOURCE -Wstrict-prototypes -Wredundant-decls -Wall -Wundef -Wwrite-strings -Wmissing-prototypes -fno-strict-aliasing -fno-common -lm -lrt -c -o /tmp/qemu-conf-12354-15829-20265.o /tmp/qemu-conf-27767-15829-123.c
cc -m64 -D_GNU_SOURCE -D_FILE_OFFSET_BITS=64 -D_LARGEFILE_SOURCE -Wstrict-prototypes -Wredundant-decls -Wall -Wundef -Wwrite-strings -Wmissing-prototypes -fno-strict-aliasing -fno-common -lm -lrt -c -o /tmp/qemu-conf-12354-15829-20265.o /tmp/qemu-conf-27767-15829-123.c
c++ -m64 -D_GNU_SOURCE -D_FILE_OFFSET_BITS=64 -D_LARGEFILE_SOURCE -Wall -Wundef -Wwrite-strings -fno-strict-aliasing -fno-common -lm -lrt -o /tmp/qemu-conf-16164-15829-3481.exe /tmp/qemu-conf-12354-15829-20265.cxx /tmp/qemu-conf-12354-15829-20265.o -m64 -g
cc -m64 -D_GNU_SOURCE -D_FILE_OFFSET_BITS=64 -D_LARGEFILE_SOURCE -Wstrict-prototypes -Wredundant-decls -Wall -Wundef -Wwrite-strings -Wmissing-prototypes -fno-strict-aliasing -fno-common -lm -lrt -Werror -Wstring-plus-int -o /tmp/qemu-conf-16164-15829-3481.exe /tmp/qemu-conf-27767-15829-123.c -m64 -g
cc: error: unrecognized command line option ‘-Wstring-plus-int’
cc -m64 -D_GNU_SOURCE -D_FILE_OFFSET_BITS=64 -D_LARGEFILE_SOURCE -Wstrict-prototypes -Wredundant-decls -Wall -Wundef -Wwrite-strings -Wmissing-prototypes -fno-strict-aliasing -fno-common -lm -lrt -Werror -Winitializer-overrides -o /tmp/qemu-conf-16164-15829-3481.exe /tmp/qemu-conf-27767-15829-123.c -m64 -g
cc: error: unrecognized command line option ‘-Winitializer-overrides’
cc -m64 -D_GNU_SOURCE -D_FILE_OFFSET_BITS=64 -D_LARGEFILE_SOURCE -Wstrict-prototypes -Wredundant-decls -Wall -Wundef -Wwrite-strings -Wmissing-prototypes -fno-strict-aliasing -fno-common -lm -lrt -Werror -Wendif-labels -o /tmp/qemu-conf-16164-15829-3481.exe /tmp/qemu-conf-27767-15829-123.c -m64 -g
cc -m64 -D_GNU_SOURCE -D_FILE_OFFSET_BITS=64 -D_LARGEFILE_SOURCE -Wstrict-prototypes -Wredundant-decls -Wall -Wundef -Wwrite-strings -Wmissing-prototypes -fno-strict-aliasing -fno-common -lm -lrt -Wendif-labels -Werror -Wmissing-include-dirs -o /tmp/qemu-conf-16164-15829-3481.exe /tmp/qemu-conf-27767-15829-123.c -m64 -g
cc -m64 -D_GNU_SOURCE -D_FILE_OFFSET_BITS=64 -D_LARGEFILE_SOURCE -Wstrict-prototypes -Wredundant-decls -Wall -Wundef -Wwrite-strings -Wmissing-prototypes -fno-strict-aliasing -fno-common -lm -lrt -Wendif-labels -Wmissing-include-dirs -Werror -Wempty-body -o /tmp/qemu-conf-16164-15829-3481.exe /tmp/qemu-conf-27767-15829-123.c -m64 -g
cc -m64 -D_GNU_SOURCE -D_FILE_OFFSET_BITS=64 -D_LARGEFILE_SOURCE -Wstrict-prototypes -Wredundant-decls -Wall -Wundef -Wwrite-strings -Wmissing-prototypes -fno-strict-aliasing -fno-common -lm -lrt -Wendif-labels -Wmissing-include-dirs -Wempty-body -Werror -Wnested-externs -o /tmp/qemu-conf-16164-15829-3481.exe /tmp/qemu-conf-27767-15829-123.c -m64 -g
cc -m64 -D_GNU_SOURCE -D_FILE_OFFSET_BITS=64 -D_LARGEFILE_SOURCE -Wstrict-prototypes -Wredundant-decls -Wall -Wundef -Wwrite-strings -Wmissing-prototypes -fno-strict-aliasing -fno-common -lm -lrt -Wendif-labels -Wmissing-include-dirs -Wempty-body -Wnested-externs -Werror -Wformat-security -o /tmp/qemu-conf-16164-15829-3481.exe /tmp/qemu-conf-27767-15829-123.c -m64 -g
cc -m64 -D_GNU_SOURCE -D_FILE_OFFSET_BITS=64 -D_LARGEFILE_SOURCE -Wstrict-prototypes -Wredundant-decls -Wall -Wundef -Wwrite-strings -Wmissing-prototypes -fno-strict-aliasing -fno-common -lm -lrt -Wendif-labels -Wmissing-include-dirs -Wempty-body -Wnested-externs -Wformat-security -Werror -Wformat-y2k -o /tmp/qemu-conf-16164-15829-3481.exe /tmp/qemu-conf-27767-15829-123.c -m64 -g
cc -m64 -D_GNU_SOURCE -D_FILE_OFFSET_BITS=64 -D_LARGEFILE_SOURCE -Wstrict-prototypes -Wredundant-decls -Wall -Wundef -Wwrite-strings -Wmissing-prototypes -fno-strict-aliasing -fno-common -lm -lrt -Wendif-labels -Wmissing-include-dirs -Wempty-body -Wnested-externs -Wformat-security -Wformat-y2k -Werror -Winit-self -o /tmp/qemu-conf-16164-15829-3481.exe /tmp/qemu-conf-27767-15829-123.c -m64 -g
cc -m64 -D_GNU_SOURCE -D_FILE_OFFSET_BITS=64 -D_LARGEFILE_SOURCE -Wstrict-prototypes -Wredundant-decls -Wall -Wundef -Wwrite-strings -Wmissing-prototypes -fno-strict-aliasing -fno-common -lm -lrt -Wendif-labels -Wmissing-include-dirs -Wempty-body -Wnested-externs -Wformat-security -Wformat-y2k -Winit-self -Werror -Wignored-qualifiers -o /tmp/qemu-conf-16164-15829-3481.exe /tmp/qemu-conf-27767-15829-123.c -m64 -g
cc -m64 -D_GNU_SOURCE -D_FILE_OFFSET_BITS=64 -D_LARGEFILE_SOURCE -Wstrict-prototypes -Wredundant-decls -Wall -Wundef -Wwrite-strings -Wmissing-prototypes -fno-strict-aliasing -fno-common -lm -lrt -Wendif-labels -Wmissing-include-dirs -Wempty-body -Wnested-externs -Wformat-security -Wformat-y2k -Winit-self -Wignored-qualifiers -Werror -Wold-style-declaration -o /tmp/qemu-conf-16164-15829-3481.exe /tmp/qemu-conf-27767-15829-123.c -m64 -g
cc -m64 -D_GNU_SOURCE -D_FILE_OFFSET_BITS=64 -D_LARGEFILE_SOURCE -Wstrict-prototypes -Wredundant-decls -Wall -Wundef -Wwrite-strings -Wmissing-prototypes -fno-strict-aliasing -fno-common -lm -lrt -Wendif-labels -Wmissing-include-dirs -Wempty-body -Wnested-externs -Wformat-security -Wformat-y2k -Winit-self -Wignored-qualifiers -Wold-style-declaration -Werror -Wold-style-definition -o /tmp/qemu-conf-16164-15829-3481.exe /tmp/qemu-conf-27767-15829-123.c -m64 -g
cc -m64 -D_GNU_SOURCE -D_FILE_OFFSET_BITS=64 -D_LARGEFILE_SOURCE -Wstrict-prototypes -Wredundant-decls -Wall -Wundef -Wwrite-strings -Wmissing-prototypes -fno-strict-aliasing -fno-common -lm -lrt -Wendif-labels -Wmissing-include-dirs -Wempty-body -Wnested-externs -Wformat-security -Wformat-y2k -Winit-self -Wignored-qualifiers -Wold-style-declaration -Wold-style-definition -Werror -Wtype-limits -o /tmp/qemu-conf-16164-15829-3481.exe /tmp/qemu-conf-27767-15829-123.c -m64 -g
cc -m64 -D_GNU_SOURCE -D_FILE_OFFSET_BITS=64 -D_LARGEFILE_SOURCE -Wstrict-prototypes -Wredundant-decls -Wall -Wundef -Wwrite-strings -Wmissing-prototypes -fno-strict-aliasing -fno-common -lm -lrt -Wendif-labels -Wmissing-include-dirs -Wempty-body -Wnested-externs -Wformat-security -Wformat-y2k -Winit-self -Wignored-qualifiers -Wold-style-declaration -Wold-style-definition -Wtype-limits -Werror -fstack-protector-strong -c -o /tmp/qemu-conf-12354-15829-20265.o /tmp/qemu-conf-27767-15829-123.c
cc -m64 -D_GNU_SOURCE -D_FILE_OFFSET_BITS=64 -D_LARGEFILE_SOURCE -Wstrict-prototypes -Wredundant-decls -Wall -Wundef -Wwrite-strings -Wmissing-prototypes -fno-strict-aliasing -fno-common -lm -lrt -Wendif-labels -Wmissing-include-dirs -Wempty-body -Wnested-externs -Wformat-security -Wformat-y2k -Winit-self -Wignored-qualifiers -Wold-style-declaration -Wold-style-definition -Wtype-limits -Werror -fstack-protector-strong -o /tmp/qemu-conf-16164-15829-3481.exe /tmp/qemu-conf-27767-15829-123.c -m64 -g
cc -m64 -D_GNU_SOURCE -D_FILE_OFFSET_BITS=64 -D_LARGEFILE_SOURCE -Wstrict-prototypes -Wredundant-decls -Wall -Wundef -Wwrite-strings -Wmissing-prototypes -fno-strict-aliasing -fno-common -lm -lrt -Wendif-labels -Wmissing-include-dirs -Wempty-body -Wnested-externs -Wformat-security -Wformat-y2k -Winit-self -Wignored-qualifiers -Wold-style-declaration -Wold-style-definition -Wtype-limits -fstack-protector-strong -Werror -fno-gcse -o /tmp/qemu-conf-16164-15829-3481.exe /tmp/qemu-conf-27767-15829-123.c -m64 -g
/tmp/qemu-conf-27767-15829-123.c:4:2: error: #error No bug in this compiler.
 #error No bug in this compiler.
  ^
cc -m64 -D_GNU_SOURCE -D_FILE_OFFSET_BITS=64 -D_LARGEFILE_SOURCE -Wstrict-prototypes -Wredundant-decls -Wall -Wundef -Wwrite-strings -Wmissing-prototypes -fno-strict-aliasing -fno-common -lm -lrt -Wendif-labels -Wmissing-include-dirs -Wempty-body -Wnested-externs -Wformat-security -Wformat-y2k -Winit-self -Wignored-qualifiers -Wold-style-declaration -Wold-style-definition -Wtype-limits -fstack-protector-strong -fPIE -DPIE -o /tmp/qemu-conf-16164-15829-3481.exe /tmp/qemu-conf-27767-15829-123.c -m64 -g -pie
cc -fPIE -DPIE -m64 -D_GNU_SOURCE -D_FILE_OFFSET_BITS=64 -D_LARGEFILE_SOURCE -Wstrict-prototypes -Wredundant-decls -Wall -Wundef -Wwrite-strings -Wmissing-prototypes -fno-strict-aliasing -fno-common -lm -lrt -Wendif-labels -Wmissing-include-dirs -Wempty-body -Wnested-externs -Wformat-security -Wformat-y2k -Winit-self -Wignored-qualifiers -Wold-style-declaration -Wold-style-definition -Wtype-limits -fstack-protector-strong -o /tmp/qemu-conf-16164-15829-3481.exe /tmp/qemu-conf-27767-15829-123.c -pie -m64 -g -Wl,-z,relro -Wl,-z,now
cc -fPIE -DPIE -m64 -D_GNU_SOURCE -D_FILE_OFFSET_BITS=64 -D_LARGEFILE_SOURCE -Wstrict-prototypes -Wredundant-decls -Wall -Wundef -Wwrite-strings -Wmissing-prototypes -fno-strict-aliasing -fno-common -lm -lrt -Wendif-labels -Wmissing-include-dirs -Wempty-body -Wnested-externs -Wformat-security -Wformat-y2k -Winit-self -Wignored-qualifiers -Wold-style-declaration -Wold-style-definition -Wtype-limits -fstack-protector-strong -fno-pie -o /tmp/qemu-conf-16164-15829-3481.exe /tmp/qemu-conf-27767-15829-123.c -Wl,-z,relro -Wl,-z,now -pie -m64 -g -nopie
cc: error: unrecognized command line option ‘-nopie’
libtool --mode=compile --tag=CC cc -fPIE -DPIE -m64 -D_GNU_SOURCE -D_FILE_OFFSET_BITS=64 -D_LARGEFILE_SOURCE -Wstrict-prototypes -Wredundant-decls -Wall -Wundef -Wwrite-strings -Wmissing-prototypes -fno-strict-aliasing -fno-common -lm -lrt -Wendif-labels -Wmissing-include-dirs -Wempty-body -Wnested-externs -Wformat-security -Wformat-y2k -Winit-self -Wignored-qualifiers -Wold-style-declaration -Wold-style-definition -Wtype-limits -fstack-protector-strong -c -fPIE -DPIE -o /tmp/qemu-conf-12354-15829-20265.o /tmp/qemu-conf-27767-15829-123.c
libtool: compile:  cc -DPIE -m64 -D_GNU_SOURCE -D_FILE_OFFSET_BITS=64 -D_LARGEFILE_SOURCE -Wstrict-prototypes -Wredundant-decls -Wall -Wundef -Wwrite-strings -Wmissing-prototypes -fno-strict-aliasing -fno-common -lm -lrt -Wendif-labels -Wmissing-include-dirs -Wempty-body -Wnested-externs -Wformat-security -Wformat-y2k -Winit-self -Wignored-qualifiers -Wold-style-declaration -Wold-style-definition -Wtype-limits -fstack-protector-strong -c -DPIE /tmp/qemu-conf-27767-15829-123.c  -fPIC -DPIC -o /tmp/.libs/qemu-conf-12354-15829-20265.o
libtool: compile:  cc -DPIE -m64 -D_GNU_SOURCE -D_FILE_OFFSET_BITS=64 -D_LARGEFILE_SOURCE -Wstrict-prototypes -Wredundant-decls -Wall -Wundef -Wwrite-strings -Wmissing-prototypes -fno-strict-aliasing -fno-common -lm -lrt -Wendif-labels -Wmissing-include-dirs -Wempty-body -Wnested-externs -Wformat-security -Wformat-y2k -Winit-self -Wignored-qualifiers -Wold-style-declaration -Wold-style-definition -Wtype-limits -fstack-protector-strong -c -DPIE /tmp/qemu-conf-27767-15829-123.c -fPIE -fPIE -o /tmp/qemu-conf-12354-15829-20265.o >/dev/null 2>&1
libtool --mode=link --tag=CC cc -Wl,-z,relro -Wl,-z,now -pie -m64 -g -o /tmp/libqemu-conf-12354-15829-20265.la /tmp/qemu-conf-12354-15829-20265.lo -rpath /usr/local/lib
libtool: link: gcc -shared  -fPIC -DPIC  /tmp/.libs/qemu-conf-12354-15829-20265.o    -Wl,-z -Wl,relro -Wl,-z -Wl,now -m64   -Wl,-soname -Wl,libqemu-conf-12354-15829-20265.so.0 -o /tmp/.libs/libqemu-conf-12354-15829-20265.so.0.0.0
libtool: link: (cd "/tmp/.libs" && rm -f "libqemu-conf-12354-15829-20265.so.0" && ln -s "libqemu-conf-12354-15829-20265.so.0.0.0" "libqemu-conf-12354-15829-20265.so.0")
libtool: link: (cd "/tmp/.libs" && rm -f "libqemu-conf-12354-15829-20265.so" && ln -s "libqemu-conf-12354-15829-20265.so.0.0.0" "libqemu-conf-12354-15829-20265.so")
libtool: link: ar cru /tmp/.libs/libqemu-conf-12354-15829-20265.a  /tmp/qemu-conf-12354-15829-20265.o
libtool: link: ranlib /tmp/.libs/libqemu-conf-12354-15829-20265.a
libtool: link: ( cd "/tmp/.libs" && rm -f "libqemu-conf-12354-15829-20265.la" && ln -s "../libqemu-conf-12354-15829-20265.la" "libqemu-conf-12354-15829-20265.la" )
cc -fPIE -DPIE -m64 -D_GNU_SOURCE -D_FILE_OFFSET_BITS=64 -D_LARGEFILE_SOURCE -Wstrict-prototypes -Wredundant-decls -Wall -Wundef -Wwrite-strings -Wmissing-prototypes -fno-strict-aliasing -fno-common -lm -lrt -Wendif-labels -Wmissing-include-dirs -Wempty-body -Wnested-externs -Wformat-security -Wformat-y2k -Winit-self -Wignored-qualifiers -Wold-style-declaration -Wold-style-definition -Wtype-limits -fstack-protector-strong -c -o /tmp/qemu-conf-12354-15829-20265.o /tmp/qemu-conf-27767-15829-123.c
cc -fPIE -DPIE -m64 -D_GNU_SOURCE -D_FILE_OFFSET_BITS=64 -D_LARGEFILE_SOURCE -Wstrict-prototypes -Wredundant-decls -Wall -Wundef -Wwrite-strings -Wmissing-prototypes -fno-strict-aliasing -fno-common -lm -lrt -Wendif-labels -Wmissing-include-dirs -Wempty-body -Wnested-externs -Wformat-security -Wformat-y2k -Winit-self -Wignored-qualifiers -Wold-style-declaration -Wold-style-definition -Wtype-limits -fstack-protector-strong -c -o /tmp/qemu-conf-12354-15829-20265.o /tmp/qemu-conf-27767-15829-123.c
cc -fPIE -DPIE -m64 -D_GNU_SOURCE -D_FILE_OFFSET_BITS=64 -D_LARGEFILE_SOURCE -Wstrict-prototypes -Wredundant-decls -Wall -Wundef -Wwrite-strings -Wmissing-prototypes -fno-strict-aliasing -fno-common -lm -lrt -Wendif-labels -Wmissing-include-dirs -Wempty-body -Wnested-externs -Wformat-security -Wformat-y2k -Winit-self -Wignored-qualifiers -Wold-style-declaration -Wold-style-definition -Wtype-limits -fstack-protector-strong -o /tmp/qemu-conf-16164-15829-3481.exe /tmp/qemu-conf-27767-15829-123.c -Wl,-z,relro -Wl,-z,now -pie -m64 -g -lz
cc -fPIE -DPIE -m64 -D_GNU_SOURCE -D_FILE_OFFSET_BITS=64 -D_LARGEFILE_SOURCE -Wstrict-prototypes -Wredundant-decls -Wall -Wundef -Wwrite-strings -Wmissing-prototypes -fno-strict-aliasing -fno-common -lm -lrt -Wendif-labels -Wmissing-include-dirs -Wempty-body -Wnested-externs -Wformat-security -Wformat-y2k -Winit-self -Wignored-qualifiers -Wold-style-declaration -Wold-style-definition -Wtype-limits -fstack-protector-strong -o /tmp/qemu-conf-16164-15829-3481.exe /tmp/qemu-conf-27767-15829-123.c -Wl,-z,relro -Wl,-z,now -pie -m64 -g -lxenstore -lxenctrl -lxenguest
/tmp/qemu-conf-27767-15829-123.c:1:21: fatal error: xenctrl.h: No such file or directory
 #include <xenctrl.h>
                     ^
compilation terminated.
cc -fPIE -DPIE -m64 -D_GNU_SOURCE -D_FILE_OFFSET_BITS=64 -D_LARGEFILE_SOURCE -Wstrict-prototypes -Wredundant-decls -Wall -Wundef -Wwrite-strings -Wmissing-prototypes -fno-strict-aliasing -fno-common -lm -lrt -Wendif-labels -Wmissing-include-dirs -Wempty-body -Wnested-externs -Wformat-security -Wformat-y2k -Winit-self -Wignored-qualifiers -Wold-style-declaration -Wold-style-definition -Wtype-limits -fstack-protector-strong -D_GNU_SOURCE=1 -D_REENTRANT -I/usr/include/SDL -o /tmp/qemu-conf-16164-15829-3481.exe /tmp/qemu-conf-27767-15829-123.c -Wl,-z,relro -Wl,-z,now -pie -m64 -g -lSDL -lpthread
cc -fPIE -DPIE -m64 -D_GNU_SOURCE -D_FILE_OFFSET_BITS=64 -D_LARGEFILE_SOURCE -Wstrict-prototypes -Wredundant-decls -Wall -Wundef -Wwrite-strings -Wmissing-prototypes -fno-strict-aliasing -fno-common -lm -lrt -Wendif-labels -Wmissing-include-dirs -Wempty-body -Wnested-externs -Wformat-security -Wformat-y2k -Winit-self -Wignored-qualifiers -Wold-style-declaration -Wold-style-definition -Wtype-limits -fstack-protector-strong -D_GNU_SOURCE=1 -D_REENTRANT -I/usr/include/SDL -o /tmp/qemu-conf-16164-15829-3481.exe /tmp/qemu-conf-27767-15829-123.c -Wl,-z,relro -Wl,-z,now -pie -m64 -g -lSDL -lpthread
cc -fPIE -DPIE -m64 -D_GNU_SOURCE -D_FILE_OFFSET_BITS=64 -D_LARGEFILE_SOURCE -Wstrict-prototypes -Wredundant-decls -Wall -Wundef -Wwrite-strings -Wmissing-prototypes -fno-strict-aliasing -fno-common -lm -lrt -Wendif-labels -Wmissing-include-dirs -Wempty-body -Wnested-externs -Wformat-security -Wformat-y2k -Winit-self -Wignored-qualifiers -Wold-style-declaration -Wold-style-definition -Wtype-limits -fstack-protector-strong -o /tmp/qemu-conf-16164-15829-3481.exe /tmp/qemu-conf-27767-15829-123.c -Wl,-z,relro -Wl,-z,now -pie -m64 -g -lrdmacm -libverbs
/tmp/qemu-conf-27767-15829-123.c:1:27: fatal error: rdma/rdma_cma.h: No such file or directory
 #include <rdma/rdma_cma.h>
                           ^
compilation terminated.
cc -fPIE -DPIE -m64 -D_GNU_SOURCE -D_FILE_OFFSET_BITS=64 -D_LARGEFILE_SOURCE -Wstrict-prototypes -Wredundant-decls -Wall -Wundef -Wwrite-strings -Wmissing-prototypes -fno-strict-aliasing -fno-common -lm -lrt -Wendif-labels -Wmissing-include-dirs -Wempty-body -Wnested-externs -Wformat-security -Wformat-y2k -Winit-self -Wignored-qualifiers -Wold-style-declaration -Wold-style-definition -Wtype-limits -fstack-protector-strong -o /tmp/qemu-conf-16164-15829-3481.exe /tmp/qemu-conf-27767-15829-123.c -Wl,-z,relro -Wl,-z,now -pie -m64 -g
/tmp/qemu-conf-27767-15829-123.c:1:27: fatal error: gnutls/gnutls.h: No such file or directory
 #include <gnutls/gnutls.h>
                           ^
compilation terminated.
cc -fPIE -DPIE -m64 -D_GNU_SOURCE -D_FILE_OFFSET_BITS=64 -D_LARGEFILE_SOURCE -Wstrict-prototypes -Wredundant-decls -Wall -Wundef -Wwrite-strings -Wmissing-prototypes -fno-strict-aliasing -fno-common -lm -lrt -Wendif-labels -Wmissing-include-dirs -Wempty-body -Wnested-externs -Wformat-security -Wformat-y2k -Winit-self -Wignored-qualifiers -Wold-style-declaration -Wold-style-definition -Wtype-limits -fstack-protector-strong -o /tmp/qemu-conf-16164-15829-3481.exe /tmp/qemu-conf-27767-15829-123.c -Wl,-z,relro -Wl,-z,now -pie -m64 -g -lsasl2
/tmp/qemu-conf-27767-15829-123.c:1:23: fatal error: sasl/sasl.h: No such file or directory
 #include <sasl/sasl.h>
                       ^
compilation terminated.
cc -fPIE -DPIE -m64 -D_GNU_SOURCE -D_FILE_OFFSET_BITS=64 -D_LARGEFILE_SOURCE -Wstrict-prototypes -Wredundant-decls -Wall -Wundef -Wwrite-strings -Wmissing-prototypes -fno-strict-aliasing -fno-common -lm -lrt -Wendif-labels -Wmissing-include-dirs -Wempty-body -Wnested-externs -Wformat-security -Wformat-y2k -Winit-self -Wignored-qualifiers -Wold-style-declaration -Wold-style-definition -Wtype-limits -fstack-protector-strong -o /tmp/qemu-conf-16164-15829-3481.exe /tmp/qemu-conf-27767-15829-123.c -Wl,-z,relro -Wl,-z,now -pie -m64 -g -ljpeg
/tmp/qemu-conf-27767-15829-123.c:2:21: fatal error: jpeglib.h: No such file or directory
 #include <jpeglib.h>
                     ^
compilation terminated.
cc -fPIE -DPIE -m64 -D_GNU_SOURCE -D_FILE_OFFSET_BITS=64 -D_LARGEFILE_SOURCE -Wstrict-prototypes -Wredundant-decls -Wall -Wundef -Wwrite-strings -Wmissing-prototypes -fno-strict-aliasing -fno-common -lm -lrt -Wendif-labels -Wmissing-include-dirs -Wempty-body -Wnested-externs -Wformat-security -Wformat-y2k -Winit-self -Wignored-qualifiers -Wold-style-declaration -Wold-style-definition -Wtype-limits -fstack-protector-strong -o /tmp/qemu-conf-16164-15829-3481.exe /tmp/qemu-conf-27767-15829-123.c -Wl,-z,relro -Wl,-z,now -pie -m64 -g -lpng
/tmp/qemu-conf-27767-15829-123.c:2:17: fatal error: png.h: No such file or directory
 #include <png.h>
                 ^
compilation terminated.
cc -fPIE -DPIE -m64 -D_GNU_SOURCE -D_FILE_OFFSET_BITS=64 -D_LARGEFILE_SOURCE -Wstrict-prototypes -Wredundant-decls -Wall -Wundef -Wwrite-strings -Wmissing-prototypes -fno-strict-aliasing -fno-common -lm -lrt -Wendif-labels -Wmissing-include-dirs -Wempty-body -Wnested-externs -Wformat-security -Wformat-y2k -Winit-self -Wignored-qualifiers -Wold-style-declaration -Wold-style-definition -Wtype-limits -fstack-protector-strong -o /tmp/qemu-conf-16164-15829-3481.exe /tmp/qemu-conf-27767-15829-123.c -Wl,-z,relro -Wl,-z,now -pie -m64 -g
cc -fPIE -DPIE -m64 -D_GNU_SOURCE -D_FILE_OFFSET_BITS=64 -D_LARGEFILE_SOURCE -Wstrict-prototypes -Wredundant-decls -Wall -Wundef -Wwrite-strings -Wmissing-prototypes -fno-strict-aliasing -fno-common -lm -lrt -Wendif-labels -Wmissing-include-dirs -Wempty-body -Wnested-externs -Wformat-security -Wformat-y2k -Winit-self -Wignored-qualifiers -Wold-style-declaration -Wold-style-definition -Wtype-limits -fstack-protector-strong -o /tmp/qemu-conf-16164-15829-3481.exe /tmp/qemu-conf-27767-15829-123.c -Wl,-z,relro -Wl,-z,now -pie -m64 -g
/tmp/qemu-conf-27767-15829-123.c:1:23: fatal error: uuid/uuid.h: No such file or directory
 #include <uuid/uuid.h>
                       ^
compilation terminated.
cc -fPIE -DPIE -m64 -D_GNU_SOURCE -D_FILE_OFFSET_BITS=64 -D_LARGEFILE_SOURCE -Wstrict-prototypes -Wredundant-decls -Wall -Wundef -Wwrite-strings -Wmissing-prototypes -fno-strict-aliasing -fno-common -lm -lrt -Wendif-labels -Wmissing-include-dirs -Wempty-body -Wnested-externs -Wformat-security -Wformat-y2k -Winit-self -Wignored-qualifiers -Wold-style-declaration -Wold-style-definition -Wtype-limits -fstack-protector-strong -o /tmp/qemu-conf-16164-15829-3481.exe /tmp/qemu-conf-27767-15829-123.c -Wl,-z,relro -Wl,-z,now -pie -m64 -g -luuid
/tmp/qemu-conf-27767-15829-123.c:1:23: fatal error: uuid/uuid.h: No such file or directory
 #include <uuid/uuid.h>
                       ^
compilation terminated.
cc -fPIE -DPIE -m64 -D_GNU_SOURCE -D_FILE_OFFSET_BITS=64 -D_LARGEFILE_SOURCE -Wstrict-prototypes -Wredundant-decls -Wall -Wundef -Wwrite-strings -Wmissing-prototypes -fno-strict-aliasing -fno-common -lm -lrt -Wendif-labels -Wmissing-include-dirs -Wempty-body -Wnested-externs -Wformat-security -Wformat-y2k -Winit-self -Wignored-qualifiers -Wold-style-declaration -Wold-style-definition -Wtype-limits -fstack-protector-strong -o /tmp/qemu-conf-16164-15829-3481.exe /tmp/qemu-conf-27767-15829-123.c -Wl,-z,relro -Wl,-z,now -pie -m64 -g
/tmp/qemu-conf-27767-15829-123.c:2:21: fatal error: xfs/xfs.h: No such file or directory
 #include <xfs/xfs.h>
                     ^
compilation terminated.
cc -fPIE -DPIE -m64 -D_GNU_SOURCE -D_FILE_OFFSET_BITS=64 -D_LARGEFILE_SOURCE -Wstrict-prototypes -Wredundant-decls -Wall -Wundef -Wwrite-strings -Wmissing-prototypes -fno-strict-aliasing -fno-common -lm -lrt -Wendif-labels -Wmissing-include-dirs -Wempty-body -Wnested-externs -Wformat-security -Wformat-y2k -Winit-self -Wignored-qualifiers -Wold-style-declaration -Wold-style-definition -Wtype-limits -fstack-protector-strong -o /tmp/qemu-conf-16164-15829-3481.exe /tmp/qemu-conf-27767-15829-123.c -Wl,-z,relro -Wl,-z,now -pie -m64 -g -lvdeplug
/tmp/qemu-conf-27767-15829-123.c:1:24: fatal error: libvdeplug.h: No such file or directory
 #include <libvdeplug.h>
                        ^
compilation terminated.
cc -fPIE -DPIE -m64 -D_GNU_SOURCE -D_FILE_OFFSET_BITS=64 -D_LARGEFILE_SOURCE -Wstrict-prototypes -Wredundant-decls -Wall -Wundef -Wwrite-strings -Wmissing-prototypes -fno-strict-aliasing -fno-common -lm -lrt -Wendif-labels -Wmissing-include-dirs -Wempty-body -Wnested-externs -Wformat-security -Wformat-y2k -Winit-self -Wignored-qualifiers -Wold-style-declaration -Wold-style-definition -Wtype-limits -fstack-protector-strong -o /tmp/qemu-conf-16164-15829-3481.exe /tmp/qemu-conf-27767-15829-123.c -Wl,-z,relro -Wl,-z,now -pie -m64 -g -lcap-ng
/tmp/qemu-conf-27767-15829-123.c:1:20: fatal error: cap-ng.h: No such file or directory
 #include <cap-ng.h>
                    ^
compilation terminated.
cc -fPIE -DPIE -m64 -D_GNU_SOURCE -D_FILE_OFFSET_BITS=64 -D_LARGEFILE_SOURCE -Wstrict-prototypes -Wredundant-decls -Wall -Wundef -Wwrite-strings -Wmissing-prototypes -fno-strict-aliasing -fno-common -lm -lrt -Wendif-labels -Wmissing-include-dirs -Wempty-body -Wnested-externs -Wformat-security -Wformat-y2k -Winit-self -Wignored-qualifiers -Wold-style-declaration -Wold-style-definition -Wtype-limits -fstack-protector-strong -o /tmp/qemu-conf-16164-15829-3481.exe /tmp/qemu-conf-27767-15829-123.c -Wl,-z,relro -Wl,-z,now -pie -m64 -g -lbrlapi
/tmp/qemu-conf-27767-15829-123.c:1:20: fatal error: brlapi.h: No such file or directory
 #include <brlapi.h>
                    ^
compilation terminated.
cc -fPIE -DPIE -m64 -D_GNU_SOURCE -D_FILE_OFFSET_BITS=64 -D_LARGEFILE_SOURCE -Wstrict-prototypes -Wredundant-decls -Wall -Wundef -Wwrite-strings -Wmissing-prototypes -fno-strict-aliasing -fno-common -lm -lrt -Wendif-labels -Wmissing-include-dirs -Wempty-body -Wnested-externs -Wformat-security -Wformat-y2k -Winit-self -Wignored-qualifiers -Wold-style-declaration -Wold-style-definition -Wtype-limits -fstack-protector-strong -o /tmp/qemu-conf-16164-15829-3481.exe /tmp/qemu-conf-27767-15829-123.c -Wl,-z,relro -Wl,-z,now -pie -m64 -g
/tmp/qemu-conf-27767-15829-123.c:1:20: fatal error: curses.h: No such file or directory
 #include <curses.h>
                    ^
compilation terminated.
cc -fPIE -DPIE -m64 -D_GNU_SOURCE -D_FILE_OFFSET_BITS=64 -D_LARGEFILE_SOURCE -Wstrict-prototypes -Wredundant-decls -Wall -Wundef -Wwrite-strings -Wmissing-prototypes -fno-strict-aliasing -fno-common -lm -lrt -Wendif-labels -Wmissing-include-dirs -Wempty-body -Wnested-externs -Wformat-security -Wformat-y2k -Winit-self -Wignored-qualifiers -Wold-style-declaration -Wold-style-definition -Wtype-limits -fstack-protector-strong -o /tmp/qemu-conf-16164-15829-3481.exe /tmp/qemu-conf-27767-15829-123.c -Wl,-z,relro -Wl,-z,now -pie -m64 -g -lncurses
/tmp/qemu-conf-27767-15829-123.c:1:20: fatal error: curses.h: No such file or directory
 #include <curses.h>
                    ^
compilation terminated.
cc -fPIE -DPIE -m64 -D_GNU_SOURCE -D_FILE_OFFSET_BITS=64 -D_LARGEFILE_SOURCE -Wstrict-prototypes -Wredundant-decls -Wall -Wundef -Wwrite-strings -Wmissing-prototypes -fno-strict-aliasing -fno-common -lm -lrt -Wendif-labels -Wmissing-include-dirs -Wempty-body -Wnested-externs -Wformat-security -Wformat-y2k -Winit-self -Wignored-qualifiers -Wold-style-declaration -Wold-style-definition -Wtype-limits -fstack-protector-strong -o /tmp/qemu-conf-16164-15829-3481.exe /tmp/qemu-conf-27767-15829-123.c -Wl,-z,relro -Wl,-z,now -pie -m64 -g -lcurses
/tmp/qemu-conf-27767-15829-123.c:1:20: fatal error: curses.h: No such file or directory
 #include <curses.h>
                    ^
compilation terminated.
cc -fPIE -DPIE -m64 -D_GNU_SOURCE -D_FILE_OFFSET_BITS=64 -D_LARGEFILE_SOURCE -Wstrict-prototypes -Wredundant-decls -Wall -Wundef -Wwrite-strings -Wmissing-prototypes -fno-strict-aliasing -fno-common -lm -lrt -Wendif-labels -Wmissing-include-dirs -Wempty-body -Wnested-externs -Wformat-security -Wformat-y2k -Winit-self -Wignored-qualifiers -Wold-style-declaration -Wold-style-definition -Wtype-limits -fstack-protector-strong -o /tmp/qemu-conf-16164-15829-3481.exe /tmp/qemu-conf-27767-15829-123.c -Wl,-z,relro -Wl,-z,now -pie -m64 -g
/tmp/qemu-conf-27767-15829-123.c:1:23: fatal error: curl/curl.h: No such file or directory
 #include <curl/curl.h>
                       ^
compilation terminated.
cc -fPIE -DPIE -m64 -D_GNU_SOURCE -D_FILE_OFFSET_BITS=64 -D_LARGEFILE_SOURCE -Wstrict-prototypes -Wredundant-decls -Wall -Wundef -Wwrite-strings -Wmissing-prototypes -fno-strict-aliasing -fno-common -lm -lrt -Wendif-labels -Wmissing-include-dirs -Wempty-body -Wnested-externs -Wformat-security -Wformat-y2k -Winit-self -Wignored-qualifiers -Wold-style-declaration -Wold-style-definition -Wtype-limits -fstack-protector-strong -o /tmp/qemu-conf-16164-15829-3481.exe /tmp/qemu-conf-27767-15829-123.c -Wl,-z,relro -Wl,-z,now -pie -m64 -g
/tmp/qemu-conf-27767-15829-123.c:1:33: fatal error: bluetooth/bluetooth.h: No such file or directory
 #include <bluetooth/bluetooth.h>
                                 ^
compilation terminated.
cc -fPIE -DPIE -m64 -D_GNU_SOURCE -D_FILE_OFFSET_BITS=64 -D_LARGEFILE_SOURCE -Wstrict-prototypes -Wredundant-decls -Wall -Wundef -Wwrite-strings -Wmissing-prototypes -fno-strict-aliasing -fno-common -lm -lrt -Wendif-labels -Wmissing-include-dirs -Wempty-body -Wnested-externs -Wformat-security -Wformat-y2k -Winit-self -Wignored-qualifiers -Wold-style-declaration -Wold-style-definition -Wtype-limits -fstack-protector-strong -o /tmp/qemu-conf-16164-15829-3481.exe /tmp/qemu-conf-27767-15829-123.c -Wl,-z,relro -Wl,-z,now -pie -m64 -g -lcap
/tmp/qemu-conf-27767-15829-123.c:2:28: fatal error: sys/capability.h: No such file or directory
 #include <sys/capability.h>
                            ^
compilation terminated.
cc -fPIE -DPIE -m64 -D_GNU_SOURCE -D_FILE_OFFSET_BITS=64 -D_LARGEFILE_SOURCE -Wstrict-prototypes -Wredundant-decls -Wall -Wundef -Wwrite-strings -Wmissing-prototypes -fno-strict-aliasing -fno-common -lm -lrt -Wendif-labels -Wmissing-include-dirs -Wempty-body -Wnested-externs -Wformat-security -Wformat-y2k -Winit-self -Wignored-qualifiers -Wold-style-declaration -Wold-style-definition -Wtype-limits -fstack-protector-strong -o /tmp/qemu-conf-16164-15829-3481.exe /tmp/qemu-conf-27767-15829-123.c -Wl,-z,relro -Wl,-z,now -pie -m64 -g
/usr/bin/ld: /tmp/ccnIs5Go.o: undefined reference to symbol 'pthread_create@@GLIBC_2.2.5'
//usr/lib64/libpthread.so.0: error adding symbols: DSO missing from command line
collect2: error: ld returned 1 exit status
cc -fPIE -DPIE -m64 -D_GNU_SOURCE -D_FILE_OFFSET_BITS=64 -D_LARGEFILE_SOURCE -Wstrict-prototypes -Wredundant-decls -Wall -Wundef -Wwrite-strings -Wmissing-prototypes -fno-strict-aliasing -fno-common -lm -lrt -Wendif-labels -Wmissing-include-dirs -Wempty-body -Wnested-externs -Wformat-security -Wformat-y2k -Winit-self -Wignored-qualifiers -Wold-style-declaration -Wold-style-definition -Wtype-limits -fstack-protector-strong -o /tmp/qemu-conf-16164-15829-3481.exe /tmp/qemu-conf-27767-15829-123.c -Wl,-z,relro -Wl,-z,now -pie -m64 -g -pthread
cc -fPIE -DPIE -m64 -D_GNU_SOURCE -D_FILE_OFFSET_BITS=64 -D_LARGEFILE_SOURCE -Wstrict-prototypes -Wredundant-decls -Wall -Wundef -Wwrite-strings -Wmissing-prototypes -fno-strict-aliasing -fno-common -lm -lrt -Wendif-labels -Wmissing-include-dirs -Wempty-body -Wnested-externs -Wformat-security -Wformat-y2k -Winit-self -Wignored-qualifiers -Wold-style-declaration -Wold-style-definition -Wtype-limits -fstack-protector-strong -o /tmp/qemu-conf-16164-15829-3481.exe /tmp/qemu-conf-27767-15829-123.c -Wl,-z,relro -Wl,-z,now -pie -m64 -g -pthread
cc -fPIE -DPIE -m64 -D_GNU_SOURCE -D_FILE_OFFSET_BITS=64 -D_LARGEFILE_SOURCE -Wstrict-prototypes -Wredundant-decls -Wall -Wundef -Wwrite-strings -Wmissing-prototypes -fno-strict-aliasing -fno-common -lm -lrt -Wendif-labels -Wmissing-include-dirs -Wempty-body -Wnested-externs -Wformat-security -Wformat-y2k -Winit-self -Wignored-qualifiers -Wold-style-declaration -Wold-style-definition -Wtype-limits -fstack-protector-strong -o /tmp/qemu-conf-16164-15829-3481.exe /tmp/qemu-conf-27767-15829-123.c -Wl,-z,relro -Wl,-z,now -pie -m64 -g -lrbd -lrados
/tmp/qemu-conf-27767-15829-123.c:2:24: fatal error: rbd/librbd.h: No such file or directory
 #include <rbd/librbd.h>
                        ^
compilation terminated.
cc -fPIE -DPIE -m64 -D_GNU_SOURCE -D_FILE_OFFSET_BITS=64 -D_LARGEFILE_SOURCE -Wstrict-prototypes -Wredundant-decls -Wall -Wundef -Wwrite-strings -Wmissing-prototypes -fno-strict-aliasing -fno-common -lm -lrt -Wendif-labels -Wmissing-include-dirs -Wempty-body -Wnested-externs -Wformat-security -Wformat-y2k -Winit-self -Wignored-qualifiers -Wold-style-declaration -Wold-style-definition -Wtype-limits -fstack-protector-strong -o /tmp/qemu-conf-16164-15829-3481.exe /tmp/qemu-conf-27767-15829-123.c -Wl,-z,relro -Wl,-z,now -pie -m64 -g -laio
/tmp/qemu-conf-27767-15829-123.c:1:20: fatal error: libaio.h: No such file or directory
 #include <libaio.h>
                    ^
compilation terminated.
cc -fPIE -DPIE -m64 -D_GNU_SOURCE -D_FILE_OFFSET_BITS=64 -D_LARGEFILE_SOURCE -Wstrict-prototypes -Wredundant-decls -Wall -Wundef -Wwrite-strings -Wmissing-prototypes -fno-strict-aliasing -fno-common -lm -lrt -Wendif-labels -Wmissing-include-dirs -Wempty-body -Wnested-externs -Wformat-security -Wformat-y2k -Winit-self -Wignored-qualifiers -Wold-style-declaration -Wold-style-definition -Wtype-limits -fstack-protector-strong -o /tmp/qemu-conf-16164-15829-3481.exe /tmp/qemu-conf-27767-15829-123.c -Wl,-z,relro -Wl,-z,now -pie -m64 -g
cc -fPIE -DPIE -m64 -D_GNU_SOURCE -D_FILE_OFFSET_BITS=64 -D_LARGEFILE_SOURCE -Wstrict-prototypes -Wredundant-decls -Wall -Wundef -Wwrite-strings -Wmissing-prototypes -fno-strict-aliasing -fno-common -lm -lrt -Wendif-labels -Wmissing-include-dirs -Wempty-body -Wnested-externs -Wformat-security -Wformat-y2k -Winit-self -Wignored-qualifiers -Wold-style-declaration -Wold-style-definition -Wtype-limits -fstack-protector-strong -o /tmp/qemu-conf-16164-15829-3481.exe /tmp/qemu-conf-27767-15829-123.c -Wl,-z,relro -Wl,-z,now -pie -m64 -g
cc -fPIE -DPIE -m64 -D_GNU_SOURCE -D_FILE_OFFSET_BITS=64 -D_LARGEFILE_SOURCE -Wstrict-prototypes -Wredundant-decls -Wall -Wundef -Wwrite-strings -Wmissing-prototypes -fno-strict-aliasing -fno-common -lm -lrt -Wendif-labels -Wmissing-include-dirs -Wempty-body -Wnested-externs -Wformat-security -Wformat-y2k -Winit-self -Wignored-qualifiers -Wold-style-declaration -Wold-style-definition -Wtype-limits -fstack-protector-strong -o /tmp/qemu-conf-16164-15829-3481.exe /tmp/qemu-conf-27767-15829-123.c -Wl,-z,relro -Wl,-z,now -pie -m64 -g
cc -fPIE -DPIE -m64 -D_GNU_SOURCE -D_FILE_OFFSET_BITS=64 -D_LARGEFILE_SOURCE -Wstrict-prototypes -Wredundant-decls -Wall -Wundef -Wwrite-strings -Wmissing-prototypes -fno-strict-aliasing -fno-common -lm -lrt -Wendif-labels -Wmissing-include-dirs -Wempty-body -Wnested-externs -Wformat-security -Wformat-y2k -Winit-self -Wignored-qualifiers -Wold-style-declaration -Wold-style-definition -Wtype-limits -fstack-protector-strong -o /tmp/qemu-conf-16164-15829-3481.exe /tmp/qemu-conf-27767-15829-123.c -Wl,-z,relro -Wl,-z,now -pie -m64 -g -lfdt
cc -fPIE -DPIE -m64 -D_GNU_SOURCE -D_FILE_OFFSET_BITS=64 -D_LARGEFILE_SOURCE -Wstrict-prototypes -Wredundant-decls -Wall -Wundef -Wwrite-strings -Wmissing-prototypes -fno-strict-aliasing -fno-common -lm -lrt -Wendif-labels -Wmissing-include-dirs -Wempty-body -Wnested-externs -Wformat-security -Wformat-y2k -Winit-self -Wignored-qualifiers -Wold-style-declaration -Wold-style-definition -Wtype-limits -fstack-protector-strong -o /tmp/qemu-conf-16164-15829-3481.exe /tmp/qemu-conf-27767-15829-123.c -Wl,-z,relro -Wl,-z,now -pie -m64 -g -lGL -lX11
cc -fPIE -DPIE -m64 -D_GNU_SOURCE -D_FILE_OFFSET_BITS=64 -D_LARGEFILE_SOURCE -Wstrict-prototypes -Wredundant-decls -Wall -Wundef -Wwrite-strings -Wmissing-prototypes -fno-strict-aliasing -fno-common -lm -lrt -Wendif-labels -Wmissing-include-dirs -Wempty-body -Wnested-externs -Wformat-security -Wformat-y2k -Winit-self -Wignored-qualifiers -Wold-style-declaration -Wold-style-definition -Wtype-limits -fstack-protector-strong -o /tmp/qemu-conf-16164-15829-3481.exe /tmp/qemu-conf-27767-15829-123.c -Wl,-z,relro -Wl,-z,now -pie -m64 -g
cc -fPIE -DPIE -m64 -D_GNU_SOURCE -D_FILE_OFFSET_BITS=64 -D_LARGEFILE_SOURCE -Wstrict-prototypes -Wredundant-decls -Wall -Wundef -Wwrite-strings -Wmissing-prototypes -fno-strict-aliasing -fno-common -lm -lrt -Wendif-labels -Wmissing-include-dirs -Wempty-body -Wnested-externs -Wformat-security -Wformat-y2k -Winit-self -Wignored-qualifiers -Wold-style-declaration -Wold-style-definition -Wtype-limits -fstack-protector-strong -o /tmp/qemu-conf-16164-15829-3481.exe /tmp/qemu-conf-27767-15829-123.c -Wl,-z,relro -Wl,-z,now -pie -m64 -g
cc -fPIE -DPIE -m64 -D_GNU_SOURCE -D_FILE_OFFSET_BITS=64 -D_LARGEFILE_SOURCE -Wstrict-prototypes -Wredundant-decls -Wall -Wundef -Wwrite-strings -Wmissing-prototypes -fno-strict-aliasing -fno-common -lm -lrt -Wendif-labels -Wmissing-include-dirs -Wempty-body -Wnested-externs -Wformat-security -Wformat-y2k -Winit-self -Wignored-qualifiers -Wold-style-declaration -Wold-style-definition -Wtype-limits -fstack-protector-strong -o /tmp/qemu-conf-16164-15829-3481.exe /tmp/qemu-conf-27767-15829-123.c -Wl,-z,relro -Wl,-z,now -pie -m64 -g
cc -fPIE -DPIE -m64 -D_GNU_SOURCE -D_FILE_OFFSET_BITS=64 -D_LARGEFILE_SOURCE -Wstrict-prototypes -Wredundant-decls -Wall -Wundef -Wwrite-strings -Wmissing-prototypes -fno-strict-aliasing -fno-common -lm -lrt -Wendif-labels -Wmissing-include-dirs -Wempty-body -Wnested-externs -Wformat-security -Wformat-y2k -Winit-self -Wignored-qualifiers -Wold-style-declaration -Wold-style-definition -Wtype-limits -fstack-protector-strong -o /tmp/qemu-conf-16164-15829-3481.exe /tmp/qemu-conf-27767-15829-123.c -Wl,-z,relro -Wl,-z,now -pie -m64 -g
cc -fPIE -DPIE -m64 -D_GNU_SOURCE -D_FILE_OFFSET_BITS=64 -D_LARGEFILE_SOURCE -Wstrict-prototypes -Wredundant-decls -Wall -Wundef -Wwrite-strings -Wmissing-prototypes -fno-strict-aliasing -fno-common -lm -lrt -Wendif-labels -Wmissing-include-dirs -Wempty-body -Wnested-externs -Wformat-security -Wformat-y2k -Winit-self -Wignored-qualifiers -Wold-style-declaration -Wold-style-definition -Wtype-limits -fstack-protector-strong -o /tmp/qemu-conf-16164-15829-3481.exe /tmp/qemu-conf-27767-15829-123.c -Wl,-z,relro -Wl,-z,now -pie -m64 -g
cc -fPIE -DPIE -m64 -D_GNU_SOURCE -D_FILE_OFFSET_BITS=64 -D_LARGEFILE_SOURCE -Wstrict-prototypes -Wredundant-decls -Wall -Wundef -Wwrite-strings -Wmissing-prototypes -fno-strict-aliasing -fno-common -lm -lrt -Wendif-labels -Wmissing-include-dirs -Wempty-body -Wnested-externs -Wformat-security -Wformat-y2k -Winit-self -Wignored-qualifiers -Wold-style-declaration -Wold-style-definition -Wtype-limits -fstack-protector-strong -o /tmp/qemu-conf-16164-15829-3481.exe /tmp/qemu-conf-27767-15829-123.c -Wl,-z,relro -Wl,-z,now -pie -m64 -g
cc -fPIE -DPIE -m64 -D_GNU_SOURCE -D_FILE_OFFSET_BITS=64 -D_LARGEFILE_SOURCE -Wstrict-prototypes -Wredundant-decls -Wall -Wundef -Wwrite-strings -Wmissing-prototypes -fno-strict-aliasing -fno-common -lm -lrt -Wendif-labels -Wmissing-include-dirs -Wempty-body -Wnested-externs -Wformat-security -Wformat-y2k -Winit-self -Wignored-qualifiers -Wold-style-declaration -Wold-style-definition -Wtype-limits -fstack-protector-strong -o /tmp/qemu-conf-16164-15829-3481.exe /tmp/qemu-conf-27767-15829-123.c -Wl,-z,relro -Wl,-z,now -pie -m64 -g
cc -fPIE -DPIE -m64 -D_GNU_SOURCE -D_FILE_OFFSET_BITS=64 -D_LARGEFILE_SOURCE -Wstrict-prototypes -Wredundant-decls -Wall -Wundef -Wwrite-strings -Wmissing-prototypes -fno-strict-aliasing -fno-common -lm -lrt -Wendif-labels -Wmissing-include-dirs -Wempty-body -Wnested-externs -Wformat-security -Wformat-y2k -Winit-self -Wignored-qualifiers -Wold-style-declaration -Wold-style-definition -Wtype-limits -fstack-protector-strong -o /tmp/qemu-conf-16164-15829-3481.exe /tmp/qemu-conf-27767-15829-123.c -Wl,-z,relro -Wl,-z,now -pie -m64 -g
cc -fPIE -DPIE -m64 -D_GNU_SOURCE -D_FILE_OFFSET_BITS=64 -D_LARGEFILE_SOURCE -Wstrict-prototypes -Wredundant-decls -Wall -Wundef -Wwrite-strings -Wmissing-prototypes -fno-strict-aliasing -fno-common -lm -lrt -Wendif-labels -Wmissing-include-dirs -Wempty-body -Wnested-externs -Wformat-security -Wformat-y2k -Winit-self -Wignored-qualifiers -Wold-style-declaration -Wold-style-definition -Wtype-limits -fstack-protector-strong -o /tmp/qemu-conf-16164-15829-3481.exe /tmp/qemu-conf-27767-15829-123.c -Wl,-z,relro -Wl,-z,now -pie -m64 -g
cc -fPIE -DPIE -m64 -D_GNU_SOURCE -D_FILE_OFFSET_BITS=64 -D_LARGEFILE_SOURCE -Wstrict-prototypes -Wredundant-decls -Wall -Wundef -Wwrite-strings -Wmissing-prototypes -fno-strict-aliasing -fno-common -lm -lrt -Wendif-labels -Wmissing-include-dirs -Wempty-body -Wnested-externs -Wformat-security -Wformat-y2k -Winit-self -Wignored-qualifiers -Wold-style-declaration -Wold-style-definition -Wtype-limits -fstack-protector-strong -o /tmp/qemu-conf-16164-15829-3481.exe /tmp/qemu-conf-27767-15829-123.c -Wl,-z,relro -Wl,-z,now -pie -m64 -g
cc -fPIE -DPIE -m64 -D_GNU_SOURCE -D_FILE_OFFSET_BITS=64 -D_LARGEFILE_SOURCE -Wstrict-prototypes -Wredundant-decls -Wall -Wundef -Wwrite-strings -Wmissing-prototypes -fno-strict-aliasing -fno-common -lm -lrt -Wendif-labels -Wmissing-include-dirs -Wempty-body -Wnested-externs -Wformat-security -Wformat-y2k -Winit-self -Wignored-qualifiers -Wold-style-declaration -Wold-style-definition -Wtype-limits -fstack-protector-strong -o /tmp/qemu-conf-16164-15829-3481.exe /tmp/qemu-conf-27767-15829-123.c -Wl,-z,relro -Wl,-z,now -pie -m64 -g
cc -fPIE -DPIE -m64 -D_GNU_SOURCE -D_FILE_OFFSET_BITS=64 -D_LARGEFILE_SOURCE -Wstrict-prototypes -Wredundant-decls -Wall -Wundef -Wwrite-strings -Wmissing-prototypes -fno-strict-aliasing -fno-common -lm -lrt -Wendif-labels -Wmissing-include-dirs -Wempty-body -Wnested-externs -Wformat-security -Wformat-y2k -Winit-self -Wignored-qualifiers -Wold-style-declaration -Wold-style-definition -Wtype-limits -fstack-protector-strong -o /tmp/qemu-conf-16164-15829-3481.exe /tmp/qemu-conf-27767-15829-123.c -Wl,-z,relro -Wl,-z,now -pie -m64 -g
cc -fPIE -DPIE -m64 -D_GNU_SOURCE -D_FILE_OFFSET_BITS=64 -D_LARGEFILE_SOURCE -Wstrict-prototypes -Wredundant-decls -Wall -Wundef -Wwrite-strings -Wmissing-prototypes -fno-strict-aliasing -fno-common -lm -lrt -Wendif-labels -Wmissing-include-dirs -Wempty-body -Wnested-externs -Wformat-security -Wformat-y2k -Winit-self -Wignored-qualifiers -Wold-style-declaration -Wold-style-definition -Wtype-limits -fstack-protector-strong -o /tmp/qemu-conf-16164-15829-3481.exe /tmp/qemu-conf-27767-15829-123.c -Wl,-z,relro -Wl,-z,now -pie -m64 -g
cc -fPIE -DPIE -m64 -D_GNU_SOURCE -D_FILE_OFFSET_BITS=64 -D_LARGEFILE_SOURCE -Wstrict-prototypes -Wredundant-decls -Wall -Wundef -Wwrite-strings -Wmissing-prototypes -fno-strict-aliasing -fno-common -lm -lrt -Wendif-labels -Wmissing-include-dirs -Wempty-body -Wnested-externs -Wformat-security -Wformat-y2k -Winit-self -Wignored-qualifiers -Wold-style-declaration -Wold-style-definition -Wtype-limits -fstack-protector-strong -o /tmp/qemu-conf-16164-15829-3481.exe /tmp/qemu-conf-27767-15829-123.c -Wl,-z,relro -Wl,-z,now -pie -m64 -g
cc -fPIE -DPIE -m64 -D_GNU_SOURCE -D_FILE_OFFSET_BITS=64 -D_LARGEFILE_SOURCE -Wstrict-prototypes -Wredundant-decls -Wall -Wundef -Wwrite-strings -Wmissing-prototypes -fno-strict-aliasing -fno-common -lm -lrt -Wendif-labels -Wmissing-include-dirs -Wempty-body -Wnested-externs -Wformat-security -Wformat-y2k -Winit-self -Wignored-qualifiers -Wold-style-declaration -Wold-style-definition -Wtype-limits -fstack-protector-strong -o /tmp/qemu-conf-16164-15829-3481.exe /tmp/qemu-conf-27767-15829-123.c -Wl,-z,relro -Wl,-z,now -pie -m64 -g
cc -fPIE -DPIE -m64 -D_GNU_SOURCE -D_FILE_OFFSET_BITS=64 -D_LARGEFILE_SOURCE -Wstrict-prototypes -Wredundant-decls -Wall -Wundef -Wwrite-strings -Wmissing-prototypes -fno-strict-aliasing -fno-common -lm -lrt -Wendif-labels -Wmissing-include-dirs -Wempty-body -Wnested-externs -Wformat-security -Wformat-y2k -Winit-self -Wignored-qualifiers -Wold-style-declaration -Wold-style-definition -Wtype-limits -fstack-protector-strong -o /tmp/qemu-conf-16164-15829-3481.exe /tmp/qemu-conf-27767-15829-123.c -Wl,-z,relro -Wl,-z,now -pie -m64 -g
cc -fPIE -DPIE -m64 -D_GNU_SOURCE -D_FILE_OFFSET_BITS=64 -D_LARGEFILE_SOURCE -Wstrict-prototypes -Wredundant-decls -Wall -Wundef -Wwrite-strings -Wmissing-prototypes -fno-strict-aliasing -fno-common -lm -lrt -Wendif-labels -Wmissing-include-dirs -Wempty-body -Wnested-externs -Wformat-security -Wformat-y2k -Winit-self -Wignored-qualifiers -Wold-style-declaration -Wold-style-definition -Wtype-limits -fstack-protector-strong -o /tmp/qemu-conf-16164-15829-3481.exe /tmp/qemu-conf-27767-15829-123.c -Wl,-z,relro -Wl,-z,now -pie -m64 -g
cc -fPIE -DPIE -m64 -D_GNU_SOURCE -D_FILE_OFFSET_BITS=64 -D_LARGEFILE_SOURCE -Wstrict-prototypes -Wredundant-decls -Wall -Wundef -Wwrite-strings -Wmissing-prototypes -fno-strict-aliasing -fno-common -lm -lrt -Wendif-labels -Wmissing-include-dirs -Wempty-body -Wnested-externs -Wformat-security -Wformat-y2k -Winit-self -Wignored-qualifiers -Wold-style-declaration -Wold-style-definition -Wtype-limits -fstack-protector-strong -o /tmp/qemu-conf-16164-15829-3481.exe /tmp/qemu-conf-27767-15829-123.c -Wl,-z,relro -Wl,-z,now -pie -m64 -g
cc -fPIE -DPIE -m64 -D_GNU_SOURCE -D_FILE_OFFSET_BITS=64 -D_LARGEFILE_SOURCE -Wstrict-prototypes -Wredundant-decls -Wall -Wundef -Wwrite-strings -Wmissing-prototypes -fno-strict-aliasing -fno-common -lm -lrt -Wendif-labels -Wmissing-include-dirs -Wempty-body -Wnested-externs -Wformat-security -Wformat-y2k -Winit-self -Wignored-qualifiers -Wold-style-declaration -Wold-style-definition -Wtype-limits -fstack-protector-strong -o /tmp/qemu-conf-16164-15829-3481.exe /tmp/qemu-conf-27767-15829-123.c -Wl,-z,relro -Wl,-z,now -pie -m64 -g
cc -fPIE -DPIE -m64 -D_GNU_SOURCE -D_FILE_OFFSET_BITS=64 -D_LARGEFILE_SOURCE -Wstrict-prototypes -Wredundant-decls -Wall -Wundef -Wwrite-strings -Wmissing-prototypes -fno-strict-aliasing -fno-common -lm -lrt -Wendif-labels -Wmissing-include-dirs -Wempty-body -Wnested-externs -Wformat-security -Wformat-y2k -Winit-self -Wignored-qualifiers -Wold-style-declaration -Wold-style-definition -Wtype-limits -fstack-protector-strong -o /tmp/qemu-conf-16164-15829-3481.exe /tmp/qemu-conf-27767-15829-123.c -Wl,-z,relro -Wl,-z,now -pie -m64 -g
cc -fPIE -DPIE -m64 -D_GNU_SOURCE -D_FILE_OFFSET_BITS=64 -D_LARGEFILE_SOURCE -Wstrict-prototypes -Wredundant-decls -Wall -Wundef -Wwrite-strings -Wmissing-prototypes -fno-strict-aliasing -fno-common -lm -lrt -Wendif-labels -Wmissing-include-dirs -Wempty-body -Wnested-externs -Wformat-security -Wformat-y2k -Winit-self -Wignored-qualifiers -Wold-style-declaration -Wold-style-definition -Wtype-limits -fstack-protector-strong -o /tmp/qemu-conf-16164-15829-3481.exe /tmp/qemu-conf-27767-15829-123.c -Wl,-z,relro -Wl,-z,now -pie -m64 -g
/tmp/qemu-conf-27767-15829-123.c:1:24: fatal error: sys/endian.h: No such file or directory
 #include <sys/endian.h>
                        ^
compilation terminated.
cc -fPIE -DPIE -m64 -D_GNU_SOURCE -D_FILE_OFFSET_BITS=64 -D_LARGEFILE_SOURCE -Wstrict-prototypes -Wredundant-decls -Wall -Wundef -Wwrite-strings -Wmissing-prototypes -fno-strict-aliasing -fno-common -lm -lrt -Wendif-labels -Wmissing-include-dirs -Wempty-body -Wnested-externs -Wformat-security -Wformat-y2k -Winit-self -Wignored-qualifiers -Wold-style-declaration -Wold-style-definition -Wtype-limits -fstack-protector-strong -o /tmp/qemu-conf-16164-15829-3481.exe /tmp/qemu-conf-27767-15829-123.c -Wl,-z,relro -Wl,-z,now -pie -m64 -g -liscsi
/tmp/qemu-conf-27767-15829-123.c:2:25: fatal error: iscsi/iscsi.h: No such file or directory
 #include <iscsi/iscsi.h>
                         ^
compilation terminated.
cc -fPIE -DPIE -m64 -D_GNU_SOURCE -D_FILE_OFFSET_BITS=64 -D_LARGEFILE_SOURCE -Wstrict-prototypes -Wredundant-decls -Wall -Wundef -Wwrite-strings -Wmissing-prototypes -fno-strict-aliasing -fno-common -lm -lrt -Wendif-labels -Wmissing-include-dirs -Wempty-body -Wnested-externs -Wformat-security -Wformat-y2k -Winit-self -Wignored-qualifiers -Wold-style-declaration -Wold-style-definition -Wtype-limits -fstack-protector-strong -o /tmp/qemu-conf-16164-15829-3481.exe /tmp/qemu-conf-27767-15829-123.c -Wl,-z,relro -Wl,-z,now -pie -m64 -g
cc -fPIE -DPIE -m64 -D_GNU_SOURCE -D_FILE_OFFSET_BITS=64 -D_LARGEFILE_SOURCE -Wstrict-prototypes -Wredundant-decls -Wall -Wundef -Wwrite-strings -Wmissing-prototypes -fno-strict-aliasing -fno-common -lm -lrt -Wendif-labels -Wmissing-include-dirs -Wempty-body -Wnested-externs -Wformat-security -Wformat-y2k -Winit-self -Wignored-qualifiers -Wold-style-declaration -Wold-style-definition -Wtype-limits -fstack-protector-strong -o /tmp/qemu-conf-16164-15829-3481.exe /tmp/qemu-conf-27767-15829-123.c -Wl,-z,relro -Wl,-z,now -pie -m64 -g
cc -fPIE -DPIE -m64 -D_GNU_SOURCE -D_FILE_OFFSET_BITS=64 -D_LARGEFILE_SOURCE -Wstrict-prototypes -Wredundant-decls -Wall -Wundef -Wwrite-strings -Wmissing-prototypes -fno-strict-aliasing -fno-common -lm -lrt -Wendif-labels -Wmissing-include-dirs -Wempty-body -Wnested-externs -Wformat-security -Wformat-y2k -Winit-self -Wignored-qualifiers -Wold-style-declaration -Wold-style-definition -Wtype-limits -fstack-protector-strong -o /tmp/qemu-conf-16164-15829-3481.exe /tmp/qemu-conf-27767-15829-123.c -Wl,-z,relro -Wl,-z,now -pie -m64 -g
cc -fPIE -DPIE -m64 -D_GNU_SOURCE -D_FILE_OFFSET_BITS=64 -D_LARGEFILE_SOURCE -Wstrict-prototypes -Wredundant-decls -Wall -Wundef -Wwrite-strings -Wmissing-prototypes -fno-strict-aliasing -fno-common -lm -lrt -Wendif-labels -Wmissing-include-dirs -Wempty-body -Wnested-externs -Wformat-security -Wformat-y2k -Winit-self -Wignored-qualifiers -Wold-style-declaration -Wold-style-definition -Wtype-limits -fstack-protector-strong -o /tmp/qemu-conf-16164-15829-3481.exe /tmp/qemu-conf-27767-15829-123.c -Wl,-z,relro -Wl,-z,now -pie -m64 -g
cc -fPIE -DPIE -m64 -D_GNU_SOURCE -D_FILE_OFFSET_BITS=64 -D_LARGEFILE_SOURCE -Wstrict-prototypes -Wredundant-decls -Wall -Wundef -Wwrite-strings -Wmissing-prototypes -fno-strict-aliasing -fno-common -lm -lrt -Wendif-labels -Wmissing-include-dirs -Wempty-body -Wnested-externs -Wformat-security -Wformat-y2k -Winit-self -Wignored-qualifiers -Wold-style-declaration -Wold-style-definition -Wtype-limits -fstack-protector-strong -o /tmp/qemu-conf-16164-15829-3481.exe /tmp/qemu-conf-27767-15829-123.c -Wl,-z,relro -Wl,-z,now -pie -m64 -g
cc -fPIE -DPIE -m64 -D_GNU_SOURCE -D_FILE_OFFSET_BITS=64 -D_LARGEFILE_SOURCE -Wstrict-prototypes -Wredundant-decls -Wall -Wundef -Wwrite-strings -Wmissing-prototypes -fno-strict-aliasing -fno-common -lm -lrt -Wendif-labels -Wmissing-include-dirs -Wempty-body -Wnested-externs -Wformat-security -Wformat-y2k -Winit-self -Wignored-qualifiers -Wold-style-declaration -Wold-style-definition -Wtype-limits -fstack-protector-strong -o /tmp/qemu-conf-16164-15829-3481.exe /tmp/qemu-conf-27767-15829-123.c -Wl,-z,relro -Wl,-z,now -pie -m64 -g
cc -fPIE -DPIE -m64 -D_GNU_SOURCE -D_FILE_OFFSET_BITS=64 -D_LARGEFILE_SOURCE -Wstrict-prototypes -Wredundant-decls -Wall -Wundef -Wwrite-strings -Wmissing-prototypes -fno-strict-aliasing -fno-common -lm -lrt -Wendif-labels -Wmissing-include-dirs -Wempty-body -Wnested-externs -Wformat-security -Wformat-y2k -Winit-self -Wignored-qualifiers -Wold-style-declaration -Wold-style-definition -Wtype-limits -fstack-protector-strong -o /tmp/qemu-conf-16164-15829-3481.exe /tmp/qemu-conf-27767-15829-123.c -Wl,-z,relro -Wl,-z,now -pie -m64 -g
cc -fPIE -DPIE -m64 -D_GNU_SOURCE -D_FILE_OFFSET_BITS=64 -D_LARGEFILE_SOURCE -Wstrict-prototypes -Wredundant-decls -Wall -Wundef -Wwrite-strings -Wmissing-prototypes -fno-strict-aliasing -fno-common -lm -lrt -Wendif-labels -Wmissing-include-dirs -Wempty-body -Wnested-externs -Wformat-security -Wformat-y2k -Winit-self -Wignored-qualifiers -Wold-style-declaration -Wold-style-definition -Wtype-limits -fstack-protector-strong -o /tmp/qemu-conf-16164-15829-3481.exe /tmp/qemu-conf-27767-15829-123.c -Wl,-z,relro -Wl,-z,now -pie -m64 -g
cc -fPIE -DPIE -m64 -D_GNU_SOURCE -D_FILE_OFFSET_BITS=64 -D_LARGEFILE_SOURCE -Wstrict-prototypes -Wredundant-decls -Wall -Wundef -Wwrite-strings -Wmissing-prototypes -fno-strict-aliasing -fno-common -lm -lrt -Wendif-labels -Wmissing-include-dirs -Wempty-body -Wnested-externs -Wformat-security -Wformat-y2k -Winit-self -Wignored-qualifiers -Wold-style-declaration -Wold-style-definition -Wtype-limits -fstack-protector-strong -o /tmp/qemu-conf-16164-15829-3481.exe /tmp/qemu-conf-27767-15829-123.c -Wl,-z,relro -Wl,-z,now -pie -m64 -g
cc -fPIE -DPIE -m64 -D_GNU_SOURCE -D_FILE_OFFSET_BITS=64 -D_LARGEFILE_SOURCE -Wstrict-prototypes -Wredundant-decls -Wall -Wundef -Wwrite-strings -Wmissing-prototypes -fno-strict-aliasing -fno-common -lm -lrt -Wendif-labels -Wmissing-include-dirs -Wempty-body -Wnested-externs -Wformat-security -Wformat-y2k -Winit-self -Wignored-qualifiers -Wold-style-declaration -Wold-style-definition -Wtype-limits -fstack-protector-strong -Werror -o /tmp/qemu-conf-16164-15829-3481.exe /tmp/qemu-conf-27767-15829-123.c -Wl,-z,relro -Wl,-z,now -pie -m64 -g
cc -fPIE -DPIE -m64 -D_GNU_SOURCE -D_FILE_OFFSET_BITS=64 -D_LARGEFILE_SOURCE -Wstrict-prototypes -Wredundant-decls -Wall -Wundef -Wwrite-strings -Wmissing-prototypes -fno-strict-aliasing -fno-common -lm -lrt -Wendif-labels -Wmissing-include-dirs -Wempty-body -Wnested-externs -Wformat-security -Wformat-y2k -Winit-self -Wignored-qualifiers -Wold-style-declaration -Wold-style-definition -Wtype-limits -fstack-protector-strong -o /tmp/qemu-conf-16164-15829-3481.exe /tmp/qemu-conf-27767-15829-123.c -Wl,-z,relro -Wl,-z,now -pie -m64 -g
/tmp/qemu-conf-27767-15829-123.c:1:31: fatal error: valgrind/valgrind.h: No such file or directory
 #include <valgrind/valgrind.h>
                               ^
compilation terminated.
cc -fPIE -DPIE -m64 -D_GNU_SOURCE -D_FILE_OFFSET_BITS=64 -D_LARGEFILE_SOURCE -Wstrict-prototypes -Wredundant-decls -Wall -Wundef -Wwrite-strings -Wmissing-prototypes -fno-strict-aliasing -fno-common -lm -lrt -Wendif-labels -Wmissing-include-dirs -Wempty-body -Wnested-externs -Wformat-security -Wformat-y2k -Winit-self -Wignored-qualifiers -Wold-style-declaration -Wold-style-definition -Wtype-limits -fstack-protector-strong -o /tmp/qemu-conf-16164-15829-3481.exe /tmp/qemu-conf-27767-15829-123.c -Wl,-z,relro -Wl,-z,now -pie -m64 -g
cc -fPIE -DPIE -m64 -D_GNU_SOURCE -D_FILE_OFFSET_BITS=64 -D_LARGEFILE_SOURCE -Wstrict-prototypes -Wredundant-decls -Wall -Wundef -Wwrite-strings -Wmissing-prototypes -fno-strict-aliasing -fno-common -lm -lrt -Wendif-labels -Wmissing-include-dirs -Wempty-body -Wnested-externs -Wformat-security -Wformat-y2k -Winit-self -Wignored-qualifiers -Wold-style-declaration -Wold-style-definition -Wtype-limits -fstack-protector-strong -o /tmp/qemu-conf-16164-15829-3481.exe /tmp/qemu-conf-27767-15829-123.c -Wl,-z,relro -Wl,-z,now -pie -m64 -g
cc -fPIE -DPIE -m64 -D_GNU_SOURCE -D_FILE_OFFSET_BITS=64 -D_LARGEFILE_SOURCE -Wstrict-prototypes -Wredundant-decls -Wall -Wundef -Wwrite-strings -Wmissing-prototypes -fno-strict-aliasing -fno-common -lm -lrt -Wendif-labels -Wmissing-include-dirs -Wempty-body -Wnested-externs -Wformat-security -Wformat-y2k -Winit-self -Wignored-qualifiers -Wold-style-declaration -Wold-style-definition -Wtype-limits -fstack-protector-strong -o /tmp/qemu-conf-16164-15829-3481.exe /tmp/qemu-conf-27767-15829-123.c -Wl,-z,relro -Wl,-z,now -pie -m64 -g
cc -fPIE -DPIE -m64 -D_GNU_SOURCE -D_FILE_OFFSET_BITS=64 -D_LARGEFILE_SOURCE -Wstrict-prototypes -Wredundant-decls -Wall -Wundef -Wwrite-strings -Wmissing-prototypes -fno-strict-aliasing -fno-common -lm -lrt -Wendif-labels -Wmissing-include-dirs -Wempty-body -Wnested-externs -Wformat-security -Wformat-y2k -Winit-self -Wignored-qualifiers -Wold-style-declaration -Wold-style-definition -Wtype-limits -fstack-protector-strong -o /tmp/qemu-conf-16164-15829-3481.exe /tmp/qemu-conf-27767-15829-123.c -Wl,-z,relro -Wl,-z,now -pie -m64 -g
